This is e-pTeX, Version 3.14159265-p3.7.2-170924-2.6 (utf8.sjis) (TeX Live 2017/W32TeX) (preloaded format=platex 2017.12.1)  10 JUL 2020 04:32
entering extended mode
 restricted \write18 enabled.
 %&-line parsing enabled.
**./月末進歩報告会.tex
(./月末進歩報告会.tex
pLaTeX2e <2017/10/28>+2 (based on LaTeX2e <2017-04-15>)
Babel <3.15> and hyphenation patterns for 84 language(s) loaded.
(c:/w32tex/share/texmf-dist/tex/platex/base/jarticle.cls
Document Class: jarticle 2017/09/19 v1.7g Standard pLaTeX class
\c@@paper=\count82
(c:/w32tex/share/texmf-dist/tex/platex/base/jsize11.clo
File: jsize11.clo 2017/09/19 v1.7g Standard pLaTeX file (size option)
)
\c@part=\count83
\c@section=\count84
\c@subsection=\count85
\c@subsubsection=\count86
\c@paragraph=\count87
\c@subparagraph=\count88
\c@figure=\count89
\c@table=\count90
\abovecaptionskip=\skip41
\belowcaptionskip=\skip42
\symmincho=\mathgroup4
LaTeX Font Info:    Overwriting symbol font `mincho' in version `bold'
(Font)                  JY1/mc/m/n --> JY1/gt/m/n on input line 613.
\toclineskip=\dimen118
\@lnumwidth=\dimen119
\bibindent=\dimen120
\heisei=\count91
)
(c:/w32tex/share/texmf-dist/tex/latex/dvips/epsf.sty
(c:/w32tex/share/texmf-dist/tex/plain/dvips/epsf.tex
This is `epsf.tex' v2.7.4 <14 February 2011>
\epsffilein=\read1
\epsfframemargin=\dimen121
\epsfframethickness=\dimen122
\epsfrsize=\dimen123
\epsftmp=\dimen124
\epsftsize=\dimen125
\epsfxsize=\dimen126
\epsfysize=\dimen127
\pspoints=\dimen128
)) (c:/w32tex/share/texmf-dist/tex/latex/graphics/graphicx.sty
Package: graphicx 2017/06/01 v1.1a Enhanced LaTeX Graphics (DPC,SPQR)

(c:/w32tex/share/texmf-dist/tex/latex/graphics/keyval.sty
Package: keyval 2014/10/28 v1.15 key=value parser (DPC)
\KV@toks@=\toks15
)
(c:/w32tex/share/texmf-dist/tex/latex/graphics/graphics.sty
Package: graphics 2017/06/25 v1.2c Standard LaTeX Graphics (DPC,SPQR)

(c:/w32tex/share/texmf-dist/tex/latex/graphics/trig.sty
Package: trig 2016/01/03 v1.10 sin cos tan (DPC)
)
(c:/w32tex/share/texmf-dist/tex/latex/graphics-cfg/graphics.cfg
File: graphics.cfg 2016/06/04 v1.11 sample graphics configuration
)
Package graphics Info: Driver file: dvips.def on input line 99.

(c:/w32tex/share/texmf-dist/tex/latex/graphics-def/dvips.def
File: dvips.def 2017/06/20 v3.1d Graphics/color driver for dvips
))
\Gin@req@height=\dimen129
\Gin@req@width=\dimen130
)

LaTeX Warning: Unused global option(s):
    [ascmac].

(./月末進歩報告会.aux

LaTeX Warning: Label `fig:2d_pose_estimation' multiply defined.

)
\openout1 = `月末進歩報告会.aux'.

LaTeX Font Info:    Checking defaults for OML/cmm/m/it on input line 17.
LaTeX Font Info:    ... okay on input line 17.
LaTeX Font Info:    Checking defaults for T1/cmr/m/n on input line 17.
LaTeX Font Info:    ... okay on input line 17.
LaTeX Font Info:    Checking defaults for OT1/cmr/m/n on input line 17.
LaTeX Font Info:    ... okay on input line 17.
LaTeX Font Info:    Checking defaults for OMS/cmsy/m/n on input line 17.
LaTeX Font Info:    ... okay on input line 17.
LaTeX Font Info:    Checking defaults for OMX/cmex/m/n on input line 17.
LaTeX Font Info:    ... okay on input line 17.
LaTeX Font Info:    Checking defaults for U/cmr/m/n on input line 17.
LaTeX Font Info:    ... okay on input line 17.
LaTeX Font Info:    Checking defaults for JY1/mc/m/n on input line 17.
LaTeX Font Info:    ... okay on input line 17.
LaTeX Font Info:    Checking defaults for JT1/mc/m/n on input line 17.
LaTeX Font Info:    ... okay on input line 17.
LaTeX Font Info:    External font `cmex10' loaded for size
(Font)              <12> on input line 18.
LaTeX Font Info:    External font `cmex10' loaded for size
(Font)              <8> on input line 18.
LaTeX Font Info:    External font `cmex10' loaded for size
(Font)              <6> on input line 18.
LaTeX Font Info:    Font shape `JT1/mc/bx/n' in size <14.4> not available
(Font)              Font shape `JT1/gt/m/n' tried instead on input line 19.
LaTeX Font Info:    Font shape `JY1/mc/bx/n' in size <14.4> not available
(Font)              Font shape `JY1/gt/m/n' tried instead on input line 19.
LaTeX Font Info:    Font shape `JT1/mc/bx/n' in size <12> not available
(Font)              Font shape `JT1/gt/m/n' tried instead on input line 25.
LaTeX Font Info:    Font shape `JY1/mc/bx/n' in size <12> not available
(Font)              Font shape `JY1/gt/m/n' tried instead on input line 25.
LaTeX Font Info:    Font shape `JT1/mc/bx/n' in size <10.95> not available
(Font)              Font shape `JT1/gt/m/n' tried instead on input line 30.
LaTeX Font Info:    Font shape `JY1/mc/bx/n' in size <10.95> not available
(Font)              Font shape `JY1/gt/m/n' tried instead on input line 30.
 [1

]
File: Faster-RCN.eps Graphic file (type eps)
 <Faster-RCN.eps>
Overfull \hbox (23.32869pt too wide) in paragraph at lines 70--70
[]
 []


Underfull \hbox (badness 10000) in paragraph at lines 70--70

 []

File: RPN.eps Graphic file (type eps)
<RPN.eps> [2]
LaTeX Font Info:    External font `cmex10' loaded for size
(Font)              <10.95> on input line 92.
Missing character: There is no ^^e2 in font cmr10!
Missing character: There is no ^^91 in font cmr10!
Missing character: There is no ^^a0 in font cmr10!
Missing character: There is no ^^e2 in font cmr10!
Missing character: There is no ^^91 in font cmr10!
Missing character: There is no ^^a1 in font cmr10!
Missing character: There is no ^^e2 in font cmr10!
Missing character: There is no ^^91 in font cmr10!
Missing character: There is no ^^a1 in font cmr10!
File: SSD.eps Graphic file (type eps)
 <SSD.eps>
File: SSNet.eps Graphic file (type eps)
 <SSNet.eps> [3]
File: SA.eps Graphic file (type eps)
 <SA.eps> [4]
File: SU.eps Graphic file (type eps)
 <SU.eps> [5] [6]
(./月末進歩報告会.aux)

LaTeX Warning: There were multiply-defined labels.

 ) 
Here is how much of TeX's memory you used:
 767 strings out of 493628
 9415 string characters out of 6150204
 68507 words of memory out of 5000000
 4398 multiletter control sequences out of 15000+600000
 16307 words of font info for 63 fonts, out of 8000000 for 9000
 929 hyphenation exceptions out of 8191
 25i,7n,21p,465b,289s stack positions out of 5000i,500n,10000p,500000b,80000s

Output written on 月末進歩報告会.dvi (6 pages, 12916 bytes).
