This is e-pTeX, Version 3.14159265-p3.7.2-170924-2.6 (utf8.sjis) (TeX Live 2017/W32TeX) (preloaded format=platex 2017.12.1)  5 FEB 2021 20:14
entering extended mode
 restricted \write18 enabled.
 %&-line parsing enabled.
**./Thesis.tex
(./Thesis.tex
pLaTeX2e <2017/10/28>+2 (based on LaTeX2e <2017-04-15>)
Babel <3.15> and hyphenation patterns for 84 language(s) loaded.
(./graduation.cls
Document Class: graduation 1998/09/08 v0.1a by Susumu ISHIHARA. This is based o
n jbook.cls 1997/09/03 v1.1h Standard pLaTeX class
\c@chapter=\count82
\c@section=\count83
\c@subsection=\count84
\c@subsubsection=\count85
\c@paragraph=\count86
\c@subparagraph=\count87
\c@figure=\count88
\c@table=\count89
\abovecaptionskip=\skip41
\belowcaptionskip=\skip42
\symmincho=\mathgroup4
LaTeX Font Info:    Overwriting symbol font `mincho' in version `bold'
(Font)                  JY1/mc/m/n --> JY1/gt/m/n on input line 673.
\toclineskip=\dimen118
\@lnumwidth=\dimen119
) (c:/w32tex/share/texmf-dist/tex/latex/graphics/graphicx.sty
Package: graphicx 2017/06/01 v1.1a Enhanced LaTeX Graphics (DPC,SPQR)

(c:/w32tex/share/texmf-dist/tex/latex/graphics/keyval.sty
Package: keyval 2014/10/28 v1.15 key=value parser (DPC)
\KV@toks@=\toks15
)
(c:/w32tex/share/texmf-dist/tex/latex/graphics/graphics.sty
Package: graphics 2017/06/25 v1.2c Standard LaTeX Graphics (DPC,SPQR)

(c:/w32tex/share/texmf-dist/tex/latex/graphics/trig.sty
Package: trig 2016/01/03 v1.10 sin cos tan (DPC)
)
(c:/w32tex/share/texmf-dist/tex/latex/graphics-cfg/graphics.cfg
File: graphics.cfg 2016/06/04 v1.11 sample graphics configuration
)
Package graphics Info: Driver file: dvipdfmx.def on input line 99.

(c:/w32tex/share/texmf-dist/tex/latex/graphics-def/dvipdfmx.def
File: dvipdfmx.def 2017/06/24 v5.0g Graphics/color driver for dvipdfmx
))
\Gin@req@height=\dimen120
\Gin@req@width=\dimen121
)
(c:/w32tex/share/texmf-dist/tex/latex/dvips/epsf.sty
(c:/w32tex/share/texmf-dist/tex/plain/dvips/epsf.tex
This is `epsf.tex' v2.7.4 <14 February 2011>
\epsffilein=\read1
\epsfframemargin=\dimen122
\epsfframethickness=\dimen123
\epsfrsize=\dimen124
\epsftmp=\dimen125
\epsftsize=\dimen126
\epsfxsize=\dimen127
\epsfysize=\dimen128
\pspoints=\dimen129
)) (c:/w32tex/share/texmf-dist/tex/latex/url/url.sty
\Urlmuskip=\muskip10
Package: url 2013/09/16  ver 3.4  Verb mode for urls, etc.
)
(c:/w32tex/share/texmf-dist/tex/latex/amsmath/amsmath.sty
Package: amsmath 2017/09/02 v2.17a AMS math features
\@mathmargin=\skip43

For additional information on amsmath, use the `?' option.
(c:/w32tex/share/texmf-dist/tex/latex/amsmath/amstext.sty
Package: amstext 2000/06/29 v2.01 AMS text

(c:/w32tex/share/texmf-dist/tex/latex/amsmath/amsgen.sty
File: amsgen.sty 1999/11/30 v2.0 generic functions
\@emptytoks=\toks16
\ex@=\dimen130
))
(c:/w32tex/share/texmf-dist/tex/latex/amsmath/amsbsy.sty
Package: amsbsy 1999/11/29 v1.2d Bold Symbols
\pmbraise@=\dimen131
)
(c:/w32tex/share/texmf-dist/tex/latex/amsmath/amsopn.sty
Package: amsopn 2016/03/08 v2.02 operator names
)
\inf@bad=\count90
LaTeX Info: Redefining \frac on input line 213.
\uproot@=\count91
\leftroot@=\count92
LaTeX Info: Redefining \overline on input line 375.
\classnum@=\count93
\DOTSCASE@=\count94
LaTeX Info: Redefining \ldots on input line 472.
LaTeX Info: Redefining \dots on input line 475.
LaTeX Info: Redefining \cdots on input line 596.
\Mathstrutbox@=\box42
\strutbox@=\box43
\big@size=\dimen132
LaTeX Font Info:    Redeclaring font encoding OML on input line 712.
LaTeX Font Info:    Redeclaring font encoding OMS on input line 713.
\macc@depth=\count95
\c@MaxMatrixCols=\count96
\dotsspace@=\muskip11
\c@parentequation=\count97
\dspbrk@lvl=\count98
\tag@help=\toks17
\row@=\count99
\column@=\count100
\maxfields@=\count101
\andhelp@=\toks18
\eqnshift@=\dimen133
\alignsep@=\dimen134
\tagshift@=\dimen135
\tagwidth@=\dimen136
\totwidth@=\dimen137
\lineht@=\dimen138
\@envbody=\toks19
\multlinegap=\skip44
\multlinetaggap=\skip45
\mathdisplay@stack=\toks20
LaTeX Info: Redefining \[ on input line 2817.
LaTeX Info: Redefining \] on input line 2818.
)
(c:/w32tex/share/texmf-dist/tex/latex/amsfonts/amsfonts.sty
Package: amsfonts 2013/01/14 v3.01 Basic AMSFonts support
\symAMSa=\mathgroup5
\symAMSb=\mathgroup6
LaTeX Font Info:    Overwriting math alphabet `\mathfrak' in version `bold'
(Font)                  U/euf/m/n --> U/euf/b/n on input line 106.
)
(c:/w32tex/share/texmf-dist/tex/latex/float/float.sty
Package: float 2001/11/08 v1.3d Float enhancements (AL)
\c@float@type=\count102
\float@exts=\toks21
\float@box=\box44
\@float@everytoks=\toks22
\@floatcapt=\box45
)
(c:/w32tex/share/texmf-dist/tex/latex/tools/indentfirst.sty
Package: indentfirst 1995/11/23 v1.03 Indent first paragraph (DPC)
)
\@indexfile=\write3
\openout3 = `Thesis.idx'.


Writing index file Thesis.idx
(./Thesis.aux)
\openout1 = `Thesis.aux'.

LaTeX Font Info:    Checking defaults for OML/cmm/m/it on input line 12.
LaTeX Font Info:    ... okay on input line 12.
LaTeX Font Info:    Checking defaults for T1/cmr/m/n on input line 12.
LaTeX Font Info:    ... okay on input line 12.
LaTeX Font Info:    Checking defaults for OT1/cmr/m/n on input line 12.
LaTeX Font Info:    ... okay on input line 12.
LaTeX Font Info:    Checking defaults for OMS/cmsy/m/n on input line 12.
LaTeX Font Info:    ... okay on input line 12.
LaTeX Font Info:    Checking defaults for OMX/cmex/m/n on input line 12.
LaTeX Font Info:    ... okay on input line 12.
LaTeX Font Info:    Checking defaults for U/cmr/m/n on input line 12.
LaTeX Font Info:    ... okay on input line 12.
LaTeX Font Info:    Checking defaults for JY1/mc/m/n on input line 12.
LaTeX Font Info:    ... okay on input line 12.
LaTeX Font Info:    Checking defaults for JT1/mc/m/n on input line 12.
LaTeX Font Info:    ... okay on input line 12.
LaTeX Font Info:    Font shape `JT1/mc/bx/n' in size <24.88> not available
(Font)              Font shape `JT1/gt/m/n' tried instead on input line 28.
LaTeX Font Info:    Font shape `JY1/mc/bx/n' in size <24.88> not available
(Font)              Font shape `JY1/gt/m/n' tried instead on input line 28.
LaTeX Font Info:    Font shape `JT1/mc/bx/n' in size <20.74> not available
(Font)              Font shape `JT1/gt/m/n' tried instead on input line 28.
LaTeX Font Info:    Font shape `JY1/mc/bx/n' in size <20.74> not available
(Font)              Font shape `JY1/gt/m/n' tried instead on input line 28.
LaTeX Font Info:    Try loading font information for U+msa on input line 28.
 (c:/w32tex/share/texmf-dist/tex/latex/amsfonts/umsa.fd
File: umsa.fd 2013/01/14 v3.01 AMS symbols A
)
LaTeX Font Info:    Try loading font information for U+msb on input line 28.

(c:/w32tex/share/texmf-dist/tex/latex/amsfonts/umsb.fd
File: umsb.fd 2013/01/14 v3.01 AMS symbols B
)
LaTeX Font Info:    Font shape `JT1/mc/bx/n' in size <12> not available
(Font)              Font shape `JT1/gt/m/n' tried instead on input line 28.
LaTeX Font Info:    Font shape `JY1/mc/bx/n' in size <12> not available
(Font)              Font shape `JY1/gt/m/n' tried instead on input line 28.
 [1



] (./chapter/0.tex

LaTeX Font Warning: Font shape `JT1/mc/m/sl' undefined
(Font)              using `JT1/mc/m/n' instead on input line 23.


LaTeX Font Warning: Font shape `JY1/mc/m/sl' undefined
(Font)              using `JY1/mc/m/n' instead on input line 23.

[1

])
LaTeX Font Info:    Font shape `JT1/mc/bx/n' in size <10.95> not available
(Font)              Font shape `JT1/gt/m/n' tried instead on input line 39.
LaTeX Font Info:    Font shape `JY1/mc/bx/n' in size <10.95> not available
(Font)              Font shape `JY1/gt/m/n' tried instead on input line 39.
 [2] (./Thesis.toc [3

])
\tf@toc=\write4
\openout4 = `Thesis.toc'.

 [4] (./Thesis.lof [5

])
\tf@lof=\write5
\openout5 = `Thesis.lof'.

 [6] (./Thesis.lot)
\tf@lot=\write6
\openout6 = `Thesis.lot'.

 [7

]
第 1 章
(./chapter/1.tex
LaTeX Font Info:    Font shape `JT1/mc/bx/n' in size <17.28> not available
(Font)              Font shape `JT1/gt/m/n' tried instead on input line 4.
LaTeX Font Info:    Font shape `JY1/mc/bx/n' in size <17.28> not available
(Font)              Font shape `JY1/gt/m/n' tried instead on input line 4.
LaTeX Font Info:    Font shape `JT1/mc/bx/n' in size <14.4> not available
(Font)              Font shape `JT1/gt/m/n' tried instead on input line 11.
LaTeX Font Info:    Font shape `JY1/mc/bx/n' in size <14.4> not available
(Font)              Font shape `JY1/gt/m/n' tried instead on input line 11.
LaTeX Font Info:    Try loading font information for OMS+cmr on input line 15.
 (c:/w32tex/share/texmf-dist/tex/latex/base/omscmr.fd
File: omscmr.fd 2014/09/29 v2.5h Standard LaTeX font definitions
)
LaTeX Font Info:    Font shape `OMS/cmr/m/n' in size <12> not available
(Font)              Font shape `OMS/cmsy/m/n' tried instead on input line 15.
 [1


]
[2]
File: figure/eps/ARマーカ.eps Graphic file (type eps)
<figure/eps/ARマーカ.eps>
) [3]
第 2 章
(./chapter/2.tex
File: figure/eps/6次元推定.eps Graphic file (type eps)
<figure/eps/6次元推定.eps>
 [4

] [5]
File: figure/eps/AAEの学習.eps Graphic file (type eps)
<figure/eps/AAEの学習.eps>
File: figure/eps/ネットワーク.eps Graphic file (type eps)
<figure/eps/ネットワーク.eps>
 [6]) [7]
第 3 章
(./chapter/3.tex
File: figure/eps/変形.eps Graphic file (type eps)
<figure/eps/変形.eps>
File: figure/eps/平面.eps Graphic file (type eps)
<figure/eps/平面.eps>
 [8

]
File: figure/eps/提案手法の学習.eps Graphic file (type eps)
<figure/eps/提案手法の学習.eps>
 [9]
File: figure/eps/データベース.eps Graphic file (type eps)
<figure/eps/データベース.eps>
File: figure/eps/提案手法の流れ.eps Graphic file (type eps)
<figure/eps/提案手法の流れ.eps>
File: figure/eps/二つのモデル.eps Graphic file (type eps)
<figure/eps/二つのモデル.eps>
File: figure/eps/ARマーカ0～9.eps Graphic file (type eps)
<figure/eps/ARマーカ0～9.eps>
 [10] [11]
File: figure/eps/bl1.eps Graphic file (type eps)
<figure/eps/bl1.eps>
File: figure/eps/bl2.eps Graphic file (type eps)
<figure/eps/bl2.eps>
 [12]
File: figure/eps/bl3.eps Graphic file (type eps)
<figure/eps/bl3.eps>
File: figure/eps/bl4.eps Graphic file (type eps)
<figure/eps/bl4.eps>
 [13]) [14]
第 4 章
(./chapter/4.tex [15

]
Missing character: There is no ^^c2 in font cmr12!
Missing character: There is no ^^ae in font cmr12!
Missing character: There is no ^^e2 in font cmr12!
Missing character: There is no ^^84 in font cmr12!
Missing character: There is no ^^a2 in font cmr12!
File: figure/eps/F0.eps Graphic file (type eps)
<figure/eps/F0.eps>
 [16]
File: figure/eps/F1.eps Graphic file (type eps)
<figure/eps/F1.eps>
File: figure/eps/F2.eps Graphic file (type eps)
<figure/eps/F2.eps>
File: figure/eps/F4.eps Graphic file (type eps)
<figure/eps/F4.eps>
 [17]
File: figure/eps/F5.eps Graphic file (type eps)
<figure/eps/F5.eps>
File: figure/eps/F6.eps Graphic file (type eps)
<figure/eps/F6.eps>
File: figure/eps/F7.eps Graphic file (type eps)
<figure/eps/F7.eps>
 [18]
File: figure/eps/F8.eps Graphic file (type eps)
<figure/eps/F8.eps>
File: figure/eps/F9.eps Graphic file (type eps)
<figure/eps/F9.eps>
File: figure/eps/F10.eps Graphic file (type eps)
<figure/eps/F10.eps>
 [19]) [20] (./chapter/10.tex) [21

]
[22

] (./Thesis.bbl
Underfull \hbox (badness 1205) in paragraph at lines 4--8
[]\OT1/cmr/m/n/12 Tomohiro NISHINO, Mit-suharu KO-JIMA, Yohei KAK-I-UCHI, Kim-i
-toshi YA-
 []


LaTeX Font Warning: Font shape `JT1/gt/m/it' undefined
(Font)              using `JT1/gt/m/n' instead on input line 52.


LaTeX Font Warning: Font shape `JY1/gt/m/it' undefined
(Font)              using `JY1/gt/m/n' instead on input line 52.

[23


]) [24] [25

] (./Thesis.aux)

LaTeX Font Warning: Some font shapes were not available, defaults substituted.

 ) 
Here is how much of TeX's memory you used:
 1765 strings out of 493628
 21747 string characters out of 6150204
 84691 words of memory out of 5000000
 5301 multiletter control sequences out of 15000+600000
 24035 words of font info for 95 fonts, out of 8000000 for 9000
 929 hyphenation exceptions out of 8191
 27i,8n,24p,581b,391s stack positions out of 5000i,500n,10000p,500000b,80000s

Output written on Thesis.dvi (33 pages, 66276 bytes).
